<?xml version="1.0" encoding="UTF-8"?>
<testsuite name="bt.MainTest" tests="1" skipped="0" failures="0" errors="0" timestamp="2024-09-01T03:28:22" hostname="FLEUR" time="0.021">
  <properties/>
  <testcase name="testMainMethod()" classname="bt.MainTest" time="0.021"/>
  <system-out><![CDATA[]]></system-out>
  <system-err><![CDATA[]]></system-err>
</testsuite>
