<?xml version="1.0" encoding="UTF-8"?>
<testsuite name="bt.TrackerTest" tests="6" skipped="0" failures="0" errors="0" timestamp="2024-09-01T03:28:22" hostname="FLEUR" time="1.144">
  <properties/>
  <testcase name="testAddExpense()" classname="bt.TrackerTest" time="0.118"/>
  <testcase name="testDataStore()" classname="bt.TrackerTest" time="0.177"/>
  <testcase name="testAddIncome()" classname="bt.TrackerTest" time="0.048"/>
  <testcase name="testDisplayConciseMonthlyReport()" classname="bt.TrackerTest" time="0.087"/>
  <testcase name="testDisplayYearlyReport()" classname="bt.TrackerTest" time="0.108"/>
  <testcase name="testDisplayMonthlyReport()" classname="bt.TrackerTest" time="0.594"/>
  <system-out><![CDATA[Monthly Report for SEPTEMBER 2024
--------------------------------------------

INCOME:
--------------------------------------------
Interest:
2024-09-01
+ 50.0
Interest

2024-09-01
+ 50.0
Interest

2024-09-01
+ 50.0
Interest

2024-09-01
+ 50.0
Interest

Investments:
2024-09-20
+ 1000.0
Investment

2024-09-20
+ 1000.0
Investment

2024-09-20
+ 1000.0
Investment

2024-09-20
+ 1000.0
Investment

2024-09-20
+ 1000.0
Investment

Gifts:
2024-09-15
+ 20.0
Birthday

2024-09-15
+ 20.0
Birthday

2024-09-15
+ 20.0
Birthday

2024-09-15
+ 20.0
Birthday

Salary:
2024-09-01
+ 500.0
Salary

2024-09-01
+ 500.0
Salary

2024-09-01
+ 500.0
Salary

2024-09-01
+ 500.0
Salary

2024-09-01
+ 500.0
Salary

2024-09-01
+ 500.0
Salary

2024-09-01
+ 500.0
Salary

2024-09-01
+ 500.0
Salary

2024-09-04
+ 100.0
Bonus

2024-09-04
+ 100.0
Bonus

2024-09-04
+ 100.0
Bonus

2024-09-04
+ 100.0
Bonus

2024-09-10
+ 3000.0
Monthly Salary

2024-09-10
+ 400.0
Freelance

2024-09-10
+ 400.0
Freelance

2024-09-10
+ 400.0
Freelance

2024-09-10
+ 400.0
Freelance

2024-09-10
+ 3000.0
Monthly Salary

2024-09-10
+ 400.0
Freelance

2024-09-10
+ 3000.0
Monthly Salary

2024-09-10
+ 400.0
Freelance

2024-09-10
+ 3000.0
Monthly Salary

--------------------------------------------

EXPENSES:
--------------------------------------------
Shopping:
2024-09-05
- 50.0
Clothes

2024-09-05
- 50.0
Clothes

2024-09-05
- 50.0
Clothes

2024-09-05
- 50.0
Clothes

Rent:
2024-09-20
- 2000.0
Rent

2024-09-20
- 2000.0
Rent

2024-09-20
- 2000.0
Rent

2024-09-20
- 2000.0
Rent

Utilities:
2024-09-15
- 200.0
Utilities

2024-09-15
- 200.0
Utilities

2024-09-15
- 200.0
Utilities

2024-09-15
- 200.0
Utilities

2024-09-15
- 200.0
Utilities

2024-09-15
- 200.0
Utilities

Health:
2024-09-18
- 80.0
Doctor Appt

2024-09-18
- 80.0
Doctor Appt

2024-09-18
- 80.0
Doctor Appt

2024-09-18
- 80.0
Doctor Appt

Groceries:
2024-09-01
- 112.0
Weekly Grocery

2024-09-01
- 112.0
Weekly Grocery

2024-09-01
- 112.0
Weekly Grocery

2024-09-01
- 112.0
Weekly Grocery

2024-09-02
- 100.0
Groceries

2024-09-02
- 100.0
Groceries

2024-09-02
- 100.0
Groceries

2024-09-02
- 100.0
Groceries

2024-09-08
- 83.0
Weekly Grocery

2024-09-08
- 83.0
Weekly Grocery

2024-09-08
- 83.0
Weekly Grocery

2024-09-08
- 83.0
Weekly Grocery

2024-09-15
- 152.0
Weekly Grocery

2024-09-15
- 152.0
Weekly Grocery

2024-09-15
- 152.0
Weekly Grocery

2024-09-15
- 152.0
Weekly Grocery

2024-09-22
- 57.0
Weekly Grocery

2024-09-22
- 57.0
Weekly Grocery

2024-09-22
- 57.0
Weekly Grocery

2024-09-22
- 57.0
Weekly Grocery

2024-09-29
- 96.0
Weekly Grocery

2024-09-29
- 96.0
Weekly Grocery

2024-09-29
- 96.0
Weekly Grocery

2024-09-29
- 96.0
Weekly Grocery

Transport:
2024-09-22
- 500.0
Travel

2024-09-22
- 500.0
Travel

2024-09-22
- 500.0
Travel

2024-09-22
- 500.0
Travel

2024-09-22
- 500.0
Travel

--------------------------------------------

Total income: 24080
Total expenses: 14620
Net Income: 9460
Monthly Report for SEPTEMBER 2024
--------------------------------------------

INCOME:
--------------------------------------------
Interest:
2024-09-01
+ 50.0
Interest

2024-09-01
+ 50.0
Interest

2024-09-01
+ 50.0
Interest

2024-09-01
+ 50.0
Interest

Investments:
2024-09-20
+ 1000.0
Investment

2024-09-20
+ 1000.0
Investment

2024-09-20
+ 1000.0
Investment

2024-09-20
+ 1000.0
Investment

2024-09-20
+ 1000.0
Investment

Gifts:
2024-09-15
+ 20.0
Birthday

2024-09-15
+ 20.0
Birthday

2024-09-15
+ 20.0
Birthday

2024-09-15
+ 20.0
Birthday

Salary:
2024-09-01
+ 500.0
Salary

2024-09-01
+ 500.0
Salary

2024-09-01
+ 500.0
Salary

2024-09-01
+ 500.0
Salary

2024-09-01
+ 500.0
Salary

2024-09-01
+ 500.0
Salary

2024-09-01
+ 500.0
Salary

2024-09-01
+ 500.0
Salary

2024-09-04
+ 100.0
Bonus

2024-09-04
+ 100.0
Bonus

2024-09-04
+ 100.0
Bonus

2024-09-04
+ 100.0
Bonus

2024-09-10
+ 3000.0
Monthly Salary

2024-09-10
+ 400.0
Freelance

2024-09-10
+ 400.0
Freelance

2024-09-10
+ 400.0
Freelance

2024-09-10
+ 400.0
Freelance

2024-09-10
+ 3000.0
Monthly Salary

2024-09-10
+ 400.0
Freelance

2024-09-10
+ 3000.0
Monthly Salary

2024-09-10
+ 400.0
Freelance

2024-09-10
+ 3000.0
Monthly Salary

--------------------------------------------

EXPENSES:
--------------------------------------------
Shopping:
2024-09-05
- 50.0
Clothes

2024-09-05
- 50.0
Clothes

2024-09-05
- 50.0
Clothes

2024-09-05
- 50.0
Clothes

Rent:
2024-09-20
- 2000.0
Rent

2024-09-20
- 2000.0
Rent

2024-09-20
- 2000.0
Rent

2024-09-20
- 2000.0
Rent

Utilities:
2024-09-15
- 200.0
Utilities

2024-09-15
- 200.0
Utilities

2024-09-15
- 200.0
Utilities

2024-09-15
- 200.0
Utilities

2024-09-15
- 200.0
Utilities

2024-09-15
- 200.0
Utilities

Health:
2024-09-18
- 80.0
Doctor Appt

2024-09-18
- 80.0
Doctor Appt

2024-09-18
- 80.0
Doctor Appt

2024-09-18
- 80.0
Doctor Appt

Groceries:
2024-09-01
- 112.0
Weekly Grocery

2024-09-01
- 112.0
Weekly Grocery

2024-09-01
- 112.0
Weekly Grocery

2024-09-01
- 112.0
Weekly Grocery

2024-09-02
- 100.0
Groceries

2024-09-02
- 100.0
Groceries

2024-09-02
- 100.0
Groceries

2024-09-02
- 100.0
Groceries

2024-09-02
- 100.0
Groceries

2024-09-08
- 83.0
Weekly Grocery

2024-09-08
- 83.0
Weekly Grocery

2024-09-08
- 83.0
Weekly Grocery

2024-09-08
- 83.0
Weekly Grocery

2024-09-15
- 152.0
Weekly Grocery

2024-09-15
- 152.0
Weekly Grocery

2024-09-15
- 152.0
Weekly Grocery

2024-09-15
- 152.0
Weekly Grocery

2024-09-22
- 57.0
Weekly Grocery

2024-09-22
- 57.0
Weekly Grocery

2024-09-22
- 57.0
Weekly Grocery

2024-09-22
- 57.0
Weekly Grocery

2024-09-29
- 96.0
Weekly Grocery

2024-09-29
- 96.0
Weekly Grocery

2024-09-29
- 96.0
Weekly Grocery

2024-09-29
- 96.0
Weekly Grocery

Transport:
2024-09-22
- 500.0
Travel

2024-09-22
- 500.0
Travel

2024-09-22
- 500.0
Travel

2024-09-22
- 500.0
Travel

2024-09-22
- 500.0
Travel

--------------------------------------------

Total income: 24080
Total expenses: 14720
Net Income: 9360
Monthly Report for SEPTEMBER 2024
--------------------------------------------

INCOME:
--------------------------------------------
Interest:
2024-09-01
+ 50.0
Interest

2024-09-01
+ 50.0
Interest

2024-09-01
+ 50.0
Interest

2024-09-01
+ 50.0
Interest

Investments:
2024-09-20
+ 1000.0
Investment

2024-09-20
+ 1000.0
Investment

2024-09-20
+ 1000.0
Investment

2024-09-20
+ 1000.0
Investment

2024-09-20
+ 1000.0
Investment

Gifts:
2024-09-15
+ 20.0
Birthday

2024-09-15
+ 20.0
Birthday

2024-09-15
+ 20.0
Birthday

2024-09-15
+ 20.0
Birthday

Salary:
2024-09-01
+ 500.0
Salary

2024-09-01
+ 500.0
Salary

2024-09-01
+ 500.0
Salary

2024-09-01
+ 500.0
Salary

2024-09-01
+ 500.0
Salary

2024-09-01
+ 500.0
Salary

2024-09-01
+ 500.0
Salary

2024-09-01
+ 500.0
Salary

2024-09-04
+ 100.0
Bonus

2024-09-04
+ 100.0
Bonus

2024-09-04
+ 100.0
Bonus

2024-09-04
+ 100.0
Bonus

2024-09-10
+ 3000.0
Monthly Salary

2024-09-10
+ 400.0
Freelance

2024-09-10
+ 400.0
Freelance

2024-09-10
+ 400.0
Freelance

2024-09-10
+ 400.0
Freelance

2024-09-10
+ 3000.0
Monthly Salary

2024-09-10
+ 400.0
Freelance

2024-09-10
+ 3000.0
Monthly Salary

2024-09-10
+ 400.0
Freelance

2024-09-10
+ 3000.0
Monthly Salary

--------------------------------------------

EXPENSES:
--------------------------------------------
Shopping:
2024-09-05
- 50.0
Clothes

2024-09-05
- 50.0
Clothes

2024-09-05
- 50.0
Clothes

2024-09-05
- 50.0
Clothes

Rent:
2024-09-20
- 2000.0
Rent

2024-09-20
- 2000.0
Rent

2024-09-20
- 2000.0
Rent

2024-09-20
- 2000.0
Rent

Utilities:
2024-09-15
- 200.0
Utilities

2024-09-15
- 200.0
Utilities

2024-09-15
- 200.0
Utilities

2024-09-15
- 200.0
Utilities

2024-09-15
- 200.0
Utilities

2024-09-15
- 200.0
Utilities

Health:
2024-09-18
- 80.0
Doctor Appt

2024-09-18
- 80.0
Doctor Appt

2024-09-18
- 80.0
Doctor Appt

2024-09-18
- 80.0
Doctor Appt

Groceries:
2024-09-01
- 112.0
Weekly Grocery

2024-09-01
- 112.0
Weekly Grocery

2024-09-01
- 112.0
Weekly Grocery

2024-09-01
- 112.0
Weekly Grocery

2024-09-02
- 100.0
Groceries

2024-09-02
- 100.0
Groceries

2024-09-02
- 100.0
Groceries

2024-09-02
- 100.0
Groceries

2024-09-02
- 100.0
Groceries

2024-09-08
- 83.0
Weekly Grocery

2024-09-08
- 83.0
Weekly Grocery

2024-09-08
- 83.0
Weekly Grocery

2024-09-08
- 83.0
Weekly Grocery

2024-09-15
- 152.0
Weekly Grocery

2024-09-15
- 152.0
Weekly Grocery

2024-09-15
- 152.0
Weekly Grocery

2024-09-15
- 152.0
Weekly Grocery

2024-09-22
- 57.0
Weekly Grocery

2024-09-22
- 57.0
Weekly Grocery

2024-09-22
- 57.0
Weekly Grocery

2024-09-22
- 57.0
Weekly Grocery

2024-09-29
- 96.0
Weekly Grocery

2024-09-29
- 96.0
Weekly Grocery

2024-09-29
- 96.0
Weekly Grocery

2024-09-29
- 96.0
Weekly Grocery

Transport:
2024-09-22
- 500.0
Travel

2024-09-22
- 500.0
Travel

2024-09-22
- 500.0
Travel

2024-09-22
- 500.0
Travel

2024-09-22
- 500.0
Travel

--------------------------------------------

Total income: 24080
Total expenses: 14720
Net Income: 9360
Monthly Report for SEPTEMBER 2024
--------------------------------------------

INCOME:
--------------------------------------------
Interest:
2024-09-01
+ 50.0
Interest

2024-09-01
+ 50.0
Interest

2024-09-01
+ 50.0
Interest

2024-09-01
+ 50.0
Interest

Investments:
2024-09-20
+ 1000.0
Investment

2024-09-20
+ 1000.0
Investment

2024-09-20
+ 1000.0
Investment

2024-09-20
+ 1000.0
Investment

2024-09-20
+ 1000.0
Investment

2024-09-20
+ 1000.0
Investment

Gifts:
2024-09-15
+ 20.0
Birthday

2024-09-15
+ 20.0
Birthday

2024-09-15
+ 20.0
Birthday

2024-09-15
+ 20.0
Birthday

Salary:
2024-09-01
+ 500.0
Salary

2024-09-01
+ 500.0
Salary

2024-09-01
+ 500.0
Salary

2024-09-01
+ 500.0
Salary

2024-09-01
+ 500.0
Salary

2024-09-01
+ 500.0
Salary

2024-09-01
+ 500.0
Salary

2024-09-01
+ 500.0
Salary

2024-09-04
+ 100.0
Bonus

2024-09-04
+ 100.0
Bonus

2024-09-04
+ 100.0
Bonus

2024-09-04
+ 100.0
Bonus

2024-09-10
+ 3000.0
Monthly Salary

2024-09-10
+ 400.0
Freelance

2024-09-10
+ 400.0
Freelance

2024-09-10
+ 400.0
Freelance

2024-09-10
+ 400.0
Freelance

2024-09-10
+ 3000.0
Monthly Salary

2024-09-10
+ 400.0
Freelance

2024-09-10
+ 3000.0
Monthly Salary

2024-09-10
+ 400.0
Freelance

2024-09-10
+ 3000.0
Monthly Salary

--------------------------------------------

EXPENSES:
--------------------------------------------
Shopping:
2024-09-05
- 50.0
Clothes

2024-09-05
- 50.0
Clothes

2024-09-05
- 50.0
Clothes

2024-09-05
- 50.0
Clothes

Rent:
2024-09-20
- 2000.0
Rent

2024-09-20
- 2000.0
Rent

2024-09-20
- 2000.0
Rent

2024-09-20
- 2000.0
Rent

Utilities:
2024-09-15
- 200.0
Utilities

2024-09-15
- 200.0
Utilities

2024-09-15
- 200.0
Utilities

2024-09-15
- 200.0
Utilities

2024-09-15
- 200.0
Utilities

2024-09-15
- 200.0
Utilities

Health:
2024-09-18
- 80.0
Doctor Appt

2024-09-18
- 80.0
Doctor Appt

2024-09-18
- 80.0
Doctor Appt

2024-09-18
- 80.0
Doctor Appt

Groceries:
2024-09-01
- 112.0
Weekly Grocery

2024-09-01
- 112.0
Weekly Grocery

2024-09-01
- 112.0
Weekly Grocery

2024-09-01
- 112.0
Weekly Grocery

2024-09-02
- 100.0
Groceries

2024-09-02
- 100.0
Groceries

2024-09-02
- 100.0
Groceries

2024-09-02
- 100.0
Groceries

2024-09-02
- 100.0
Groceries

2024-09-08
- 83.0
Weekly Grocery

2024-09-08
- 83.0
Weekly Grocery

2024-09-08
- 83.0
Weekly Grocery

2024-09-08
- 83.0
Weekly Grocery

2024-09-15
- 152.0
Weekly Grocery

2024-09-15
- 152.0
Weekly Grocery

2024-09-15
- 152.0
Weekly Grocery

2024-09-15
- 152.0
Weekly Grocery

2024-09-22
- 57.0
Weekly Grocery

2024-09-22
- 57.0
Weekly Grocery

2024-09-22
- 57.0
Weekly Grocery

2024-09-22
- 57.0
Weekly Grocery

2024-09-29
- 96.0
Weekly Grocery

2024-09-29
- 96.0
Weekly Grocery

2024-09-29
- 96.0
Weekly Grocery

2024-09-29
- 96.0
Weekly Grocery

Transport:
2024-09-22
- 500.0
Travel

2024-09-22
- 500.0
Travel

2024-09-22
- 500.0
Travel

2024-09-22
- 500.0
Travel

2024-09-22
- 500.0
Travel

2024-09-22
- 500.0
Travel

--------------------------------------------

Total income: 25080
Total expenses: 15220
Net Income: 9860
Monthly Report for SEPTEMBER 2024
--------------------------------------------

INCOME:
--------------------------------------------
Interest:
2024-09-01
+ 50.0
Interest

2024-09-01
+ 50.0
Interest

2024-09-01
+ 50.0
Interest

2024-09-01
+ 50.0
Interest

Investments:
2024-09-20
+ 1000.0
Investment

2024-09-20
+ 1000.0
Investment

2024-09-20
+ 1000.0
Investment

2024-09-20
+ 1000.0
Investment

2024-09-20
+ 1000.0
Investment

2024-09-20
+ 1000.0
Investment

Gifts:
2024-09-15
+ 20.0
Birthday

2024-09-15
+ 20.0
Birthday

2024-09-15
+ 20.0
Birthday

2024-09-15
+ 20.0
Birthday

Salary:
2024-09-01
+ 500.0
Salary

2024-09-01
+ 500.0
Salary

2024-09-01
+ 500.0
Salary

2024-09-01
+ 500.0
Salary

2024-09-01
+ 500.0
Salary

2024-09-01
+ 500.0
Salary

2024-09-01
+ 500.0
Salary

2024-09-01
+ 500.0
Salary

2024-09-04
+ 100.0
Bonus

2024-09-04
+ 100.0
Bonus

2024-09-04
+ 100.0
Bonus

2024-09-04
+ 100.0
Bonus

2024-09-10
+ 3000.0
Monthly Salary

2024-09-10
+ 400.0
Freelance

2024-09-10
+ 400.0
Freelance

2024-09-10
+ 400.0
Freelance

2024-09-10
+ 400.0
Freelance

2024-09-10
+ 3000.0
Monthly Salary

2024-09-10
+ 400.0
Freelance

2024-09-10
+ 3000.0
Monthly Salary

2024-09-10
+ 400.0
Freelance

2024-09-10
+ 3000.0
Monthly Salary

--------------------------------------------

EXPENSES:
--------------------------------------------
Shopping:
2024-09-05
- 50.0
Clothes

2024-09-05
- 50.0
Clothes

2024-09-05
- 50.0
Clothes

2024-09-05
- 50.0
Clothes

Rent:
2024-09-20
- 2000.0
Rent

2024-09-20
- 2000.0
Rent

2024-09-20
- 2000.0
Rent

2024-09-20
- 2000.0
Rent

Utilities:
2024-09-15
- 200.0
Utilities

2024-09-15
- 200.0
Utilities

2024-09-15
- 200.0
Utilities

2024-09-15
- 200.0
Utilities

2024-09-15
- 200.0
Utilities

2024-09-15
- 200.0
Utilities

Health:
2024-09-18
- 80.0
Doctor Appt

2024-09-18
- 80.0
Doctor Appt

2024-09-18
- 80.0
Doctor Appt

2024-09-18
- 80.0
Doctor Appt

Groceries:
2024-09-01
- 112.0
Weekly Grocery

2024-09-01
- 112.0
Weekly Grocery

2024-09-01
- 112.0
Weekly Grocery

2024-09-01
- 112.0
Weekly Grocery

2024-09-02
- 100.0
Groceries

2024-09-02
- 100.0
Groceries

2024-09-02
- 100.0
Groceries

2024-09-02
- 100.0
Groceries

2024-09-02
- 100.0
Groceries

2024-09-08
- 83.0
Weekly Grocery

2024-09-08
- 83.0
Weekly Grocery

2024-09-08
- 83.0
Weekly Grocery

2024-09-08
- 83.0
Weekly Grocery

2024-09-15
- 152.0
Weekly Grocery

2024-09-15
- 152.0
Weekly Grocery

2024-09-15
- 152.0
Weekly Grocery

2024-09-15
- 152.0
Weekly Grocery

2024-09-22
- 57.0
Weekly Grocery

2024-09-22
- 57.0
Weekly Grocery

2024-09-22
- 57.0
Weekly Grocery

2024-09-22
- 57.0
Weekly Grocery

2024-09-29
- 96.0
Weekly Grocery

2024-09-29
- 96.0
Weekly Grocery

2024-09-29
- 96.0
Weekly Grocery

2024-09-29
- 96.0
Weekly Grocery

Transport:
2024-09-22
- 500.0
Travel

2024-09-22
- 500.0
Travel

2024-09-22
- 500.0
Travel

2024-09-22
- 500.0
Travel

2024-09-22
- 500.0
Travel

2024-09-22
- 500.0
Travel

--------------------------------------------

Total income: 25080
Total expenses: 15220
Net Income: 9860
Monthly Report for SEPTEMBER 2024
--------------------------------------------

INCOME:
--------------------------------------------
Interest:
2024-09-01
+ 50.0
Interest

2024-09-01
+ 50.0
Interest

2024-09-01
+ 50.0
Interest

2024-09-01
+ 50.0
Interest

Investments:
2024-09-20
+ 1000.0
Investment

2024-09-20
+ 1000.0
Investment

2024-09-20
+ 1000.0
Investment

2024-09-20
+ 1000.0
Investment

2024-09-20
+ 1000.0
Investment

2024-09-20
+ 1000.0
Investment

Gifts:
2024-09-15
+ 20.0
Birthday

2024-09-15
+ 20.0
Birthday

2024-09-15
+ 20.0
Birthday

2024-09-15
+ 20.0
Birthday

Salary:
2024-09-01
+ 500.0
Salary

2024-09-01
+ 500.0
Salary

2024-09-01
+ 500.0
Salary

2024-09-01
+ 500.0
Salary

2024-09-01
+ 500.0
Salary

2024-09-01
+ 500.0
Salary

2024-09-01
+ 500.0
Salary

2024-09-01
+ 500.0
Salary

2024-09-01
+ 500.0
Salary

2024-09-04
+ 100.0
Bonus

2024-09-04
+ 100.0
Bonus

2024-09-04
+ 100.0
Bonus

2024-09-04
+ 100.0
Bonus

2024-09-10
+ 3000.0
Monthly Salary

2024-09-10
+ 400.0
Freelance

2024-09-10
+ 400.0
Freelance

2024-09-10
+ 400.0
Freelance

2024-09-10
+ 400.0
Freelance

2024-09-10
+ 3000.0
Monthly Salary

2024-09-10
+ 400.0
Freelance

2024-09-10
+ 3000.0
Monthly Salary

2024-09-10
+ 400.0
Freelance

2024-09-10
+ 3000.0
Monthly Salary

--------------------------------------------

EXPENSES:
--------------------------------------------
Shopping:
2024-09-05
- 50.0
Clothes

2024-09-05
- 50.0
Clothes

2024-09-05
- 50.0
Clothes

2024-09-05
- 50.0
Clothes

Rent:
2024-09-20
- 2000.0
Rent

2024-09-20
- 2000.0
Rent

2024-09-20
- 2000.0
Rent

2024-09-20
- 2000.0
Rent

Utilities:
2024-09-15
- 200.0
Utilities

2024-09-15
- 200.0
Utilities

2024-09-15
- 200.0
Utilities

2024-09-15
- 200.0
Utilities

2024-09-15
- 200.0
Utilities

2024-09-15
- 200.0
Utilities

Health:
2024-09-18
- 80.0
Doctor Appt

2024-09-18
- 80.0
Doctor Appt

2024-09-18
- 80.0
Doctor Appt

2024-09-18
- 80.0
Doctor Appt

Groceries:
2024-09-01
- 112.0
Weekly Grocery

2024-09-01
- 112.0
Weekly Grocery

2024-09-01
- 112.0
Weekly Grocery

2024-09-01
- 112.0
Weekly Grocery

2024-09-02
- 100.0
Groceries

2024-09-02
- 100.0
Groceries

2024-09-02
- 100.0
Groceries

2024-09-02
- 100.0
Groceries

2024-09-02
- 100.0
Groceries

2024-09-08
- 83.0
Weekly Grocery

2024-09-08
- 83.0
Weekly Grocery

2024-09-08
- 83.0
Weekly Grocery

2024-09-08
- 83.0
Weekly Grocery

2024-09-15
- 152.0
Weekly Grocery

2024-09-15
- 152.0
Weekly Grocery

2024-09-15
- 152.0
Weekly Grocery

2024-09-15
- 152.0
Weekly Grocery

2024-09-22
- 57.0
Weekly Grocery

2024-09-22
- 57.0
Weekly Grocery

2024-09-22
- 57.0
Weekly Grocery

2024-09-22
- 57.0
Weekly Grocery

2024-09-29
- 96.0
Weekly Grocery

2024-09-29
- 96.0
Weekly Grocery

2024-09-29
- 96.0
Weekly Grocery

2024-09-29
- 96.0
Weekly Grocery

Transport:
2024-09-22
- 500.0
Travel

2024-09-22
- 500.0
Travel

2024-09-22
- 500.0
Travel

2024-09-22
- 500.0
Travel

2024-09-22
- 500.0
Travel

2024-09-22
- 500.0
Travel

--------------------------------------------

Total income: 25580
Total expenses: 15220
Net Income: 10360
Monthly Report for SEPTEMBER 2024
--------------------------------------------

Total income: 25580
Total expenses: 15220
Net Income: 10360
Monthly Report for SEPTEMBER 2024
--------------------------------------------

Total income: 25980
Total expenses: 15420
Net Income: 10560
Monthly Report for JANUARY 2024
--------------------------------------------

INCOME:
--------------------------------------------
Salary:
2024-01-01
+ 1200.0
Annual Salary

2024-01-01
+ 1200.0
Annual Salary

2024-01-01
+ 1200.0
Annual Salary

2024-01-01
+ 1200.0
Annual Salary

2024-01-01
+ 1200.0
Annual Salary

2024-01-01
+ 1200.0
Annual Salary

2024-01-01
+ 1200.0
Annual Salary

--------------------------------------------

EXPENSES:
--------------------------------------------
Rent:
2024-01-15
- 600.0
Rent

2024-01-15
- 600.0
Rent

2024-01-15
- 600.0
Rent

2024-01-15
- 600.0
Rent

2024-01-15
- 600.0
Rent

2024-01-15
- 600.0
Rent

2024-01-15
- 600.0
Rent

--------------------------------------------

Total income: 8400
Total expenses: 4200
Net Income: 4200
Monthly Report for FEBRUARY 2024
--------------------------------------------

No transactions for the month FEBRUARY
Monthly Report for MARCH 2024
--------------------------------------------

No transactions for the month MARCH
Monthly Report for APRIL 2024
--------------------------------------------

No transactions for the month APRIL
Monthly Report for MAY 2024
--------------------------------------------

No transactions for the month MAY
Monthly Report for JUNE 2024
--------------------------------------------

No transactions for the month JUNE
Monthly Report for JULY 2024
--------------------------------------------

No transactions for the month JULY
Monthly Report for AUGUST 2024
--------------------------------------------

No transactions for the month AUGUST
Monthly Report for SEPTEMBER 2024
--------------------------------------------

INCOME:
--------------------------------------------
Interest:
2024-09-01
+ 50.0
Interest

2024-09-01
+ 50.0
Interest

2024-09-01
+ 50.0
Interest

2024-09-01
+ 50.0
Interest

Investments:
2024-09-20
+ 1000.0
Investment

2024-09-20
+ 1000.0
Investment

2024-09-20
+ 1000.0
Investment

2024-09-20
+ 1000.0
Investment

2024-09-20
+ 1000.0
Investment

2024-09-20
+ 1000.0
Investment

Gifts:
2024-09-15
+ 20.0
Birthday

2024-09-15
+ 20.0
Birthday

2024-09-15
+ 20.0
Birthday

2024-09-15
+ 20.0
Birthday

Salary:
2024-09-01
+ 500.0
Salary

2024-09-01
+ 500.0
Salary

2024-09-01
+ 500.0
Salary

2024-09-01
+ 500.0
Salary

2024-09-01
+ 500.0
Salary

2024-09-01
+ 500.0
Salary

2024-09-01
+ 500.0
Salary

2024-09-01
+ 500.0
Salary

2024-09-01
+ 500.0
Salary

2024-09-04
+ 100.0
Bonus

2024-09-04
+ 100.0
Bonus

2024-09-04
+ 100.0
Bonus

2024-09-04
+ 100.0
Bonus

2024-09-10
+ 3000.0
Monthly Salary

2024-09-10
+ 400.0
Freelance

2024-09-10
+ 400.0
Freelance

2024-09-10
+ 400.0
Freelance

2024-09-10
+ 400.0
Freelance

2024-09-10
+ 3000.0
Monthly Salary

2024-09-10
+ 400.0
Freelance

2024-09-10
+ 3000.0
Monthly Salary

2024-09-10
+ 400.0
Freelance

2024-09-10
+ 3000.0
Monthly Salary

2024-09-10
+ 400.0
Freelance

--------------------------------------------

EXPENSES:
--------------------------------------------
Shopping:
2024-09-05
- 50.0
Clothes

2024-09-05
- 50.0
Clothes

2024-09-05
- 50.0
Clothes

2024-09-05
- 50.0
Clothes

Rent:
2024-09-20
- 2000.0
Rent

2024-09-20
- 2000.0
Rent

2024-09-20
- 2000.0
Rent

2024-09-20
- 2000.0
Rent

Utilities:
2024-09-15
- 200.0
Utilities

2024-09-15
- 200.0
Utilities

2024-09-15
- 200.0
Utilities

2024-09-15
- 200.0
Utilities

2024-09-15
- 200.0
Utilities

2024-09-15
- 200.0
Utilities

2024-09-15
- 200.0
Utilities

Health:
2024-09-18
- 80.0
Doctor Appt

2024-09-18
- 80.0
Doctor Appt

2024-09-18
- 80.0
Doctor Appt

2024-09-18
- 80.0
Doctor Appt

Groceries:
2024-09-01
- 112.0
Weekly Grocery

2024-09-01
- 112.0
Weekly Grocery

2024-09-01
- 112.0
Weekly Grocery

2024-09-01
- 112.0
Weekly Grocery

2024-09-02
- 100.0
Groceries

2024-09-02
- 100.0
Groceries

2024-09-02
- 100.0
Groceries

2024-09-02
- 100.0
Groceries

2024-09-02
- 100.0
Groceries

2024-09-08
- 83.0
Weekly Grocery

2024-09-08
- 83.0
Weekly Grocery

2024-09-08
- 83.0
Weekly Grocery

2024-09-08
- 83.0
Weekly Grocery

2024-09-15
- 152.0
Weekly Grocery

2024-09-15
- 152.0
Weekly Grocery

2024-09-15
- 152.0
Weekly Grocery

2024-09-15
- 152.0
Weekly Grocery

2024-09-22
- 57.0
Weekly Grocery

2024-09-22
- 57.0
Weekly Grocery

2024-09-22
- 57.0
Weekly Grocery

2024-09-22
- 57.0
Weekly Grocery

2024-09-29
- 96.0
Weekly Grocery

2024-09-29
- 96.0
Weekly Grocery

2024-09-29
- 96.0
Weekly Grocery

2024-09-29
- 96.0
Weekly Grocery

Transport:
2024-09-22
- 500.0
Travel

2024-09-22
- 500.0
Travel

2024-09-22
- 500.0
Travel

2024-09-22
- 500.0
Travel

2024-09-22
- 500.0
Travel

2024-09-22
- 500.0
Travel

--------------------------------------------

Total income: 25980
Total expenses: 15420
Net Income: 10560
Monthly Report for OCTOBER 2024
--------------------------------------------

INCOME:
--------------------------------------------
Interest:
2024-10-01
+ 50.0
Interest

2024-10-01
+ 50.0
Interest

2024-10-01
+ 50.0
Interest

2024-10-01
+ 50.0
Interest

Gifts:
2024-10-15
+ 20.0
Birthday

2024-10-15
+ 20.0
Birthday

2024-10-15
+ 20.0
Birthday

2024-10-15
+ 20.0
Birthday

Salary:
2024-10-04
+ 100.0
Bonus

2024-10-04
+ 100.0
Bonus

2024-10-04
+ 100.0
Bonus

2024-10-04
+ 100.0
Bonus

2024-10-10
+ 3000.0
Monthly Salary

2024-10-10
+ 3000.0
Monthly Salary

2024-10-10
+ 3000.0
Monthly Salary

2024-10-10
+ 3000.0
Monthly Salary

--------------------------------------------

EXPENSES:
--------------------------------------------
Shopping:
2024-10-05
- 50.0
Clothes

2024-10-05
- 50.0
Clothes

2024-10-05
- 50.0
Clothes

2024-10-05
- 50.0
Clothes

Rent:
2024-10-20
- 2000.0
Rent

2024-10-20
- 2000.0
Rent

2024-10-20
- 2000.0
Rent

2024-10-20
- 2000.0
Rent

Health:
2024-10-18
- 80.0
Doctor Appt

2024-10-18
- 80.0
Doctor Appt

2024-10-18
- 80.0
Doctor Appt

2024-10-18
- 80.0
Doctor Appt

Groceries:
2024-10-01
- 112.0
Weekly Grocery

2024-10-01
- 112.0
Weekly Grocery

2024-10-01
- 112.0
Weekly Grocery

2024-10-01
- 112.0
Weekly Grocery

2024-10-08
- 83.0
Weekly Grocery

2024-10-08
- 83.0
Weekly Grocery

2024-10-08
- 83.0
Weekly Grocery

2024-10-08
- 83.0
Weekly Grocery

2024-10-15
- 152.0
Weekly Grocery

2024-10-15
- 152.0
Weekly Grocery

2024-10-15
- 152.0
Weekly Grocery

2024-10-15
- 152.0
Weekly Grocery

2024-10-22
- 57.0
Weekly Grocery

2024-10-22
- 57.0
Weekly Grocery

2024-10-22
- 57.0
Weekly Grocery

2024-10-22
- 57.0
Weekly Grocery

2024-10-29
- 96.0
Weekly Grocery

2024-10-29
- 96.0
Weekly Grocery

2024-10-29
- 96.0
Weekly Grocery

2024-10-29
- 96.0
Weekly Grocery

--------------------------------------------

Total income: 12680
Total expenses: 10520
Net Income: 2160
Monthly Report for NOVEMBER 2024
--------------------------------------------

No transactions for the month NOVEMBER
Monthly Report for DECEMBER 2024
--------------------------------------------

No transactions for the month DECEMBER

--------------------------------------------
--------------------------------------------
Average Income: 3921
Average Expenses: 2511
Total Income: 47060
Total Expenses: 30140
Net Income: 16920
Monthly Report for SEPTEMBER 2024
--------------------------------------------

INCOME:
--------------------------------------------
Interest:
2024-09-01
+ 50.0
Interest

2024-09-01
+ 50.0
Interest

2024-09-01
+ 50.0
Interest

2024-09-01
+ 50.0
Interest

Investments:
2024-09-20
+ 1000.0
Investment

2024-09-20
+ 1000.0
Investment

2024-09-20
+ 1000.0
Investment

2024-09-20
+ 1000.0
Investment

2024-09-20
+ 1000.0
Investment

2024-09-20
+ 1000.0
Investment

Gifts:
2024-09-15
+ 20.0
Birthday

2024-09-15
+ 20.0
Birthday

2024-09-15
+ 20.0
Birthday

2024-09-15
+ 20.0
Birthday

Salary:
2024-09-01
+ 500.0
Salary

2024-09-01
+ 500.0
Salary

2024-09-01
+ 500.0
Salary

2024-09-01
+ 500.0
Salary

2024-09-01
+ 500.0
Salary

2024-09-01
+ 500.0
Salary

2024-09-01
+ 500.0
Salary

2024-09-01
+ 500.0
Salary

2024-09-01
+ 500.0
Salary

2024-09-04
+ 100.0
Bonus

2024-09-04
+ 100.0
Bonus

2024-09-04
+ 100.0
Bonus

2024-09-04
+ 100.0
Bonus

2024-09-10
+ 3000.0
Monthly Salary

2024-09-10
+ 400.0
Freelance

2024-09-10
+ 400.0
Freelance

2024-09-10
+ 400.0
Freelance

2024-09-10
+ 400.0
Freelance

2024-09-10
+ 3000.0
Monthly Salary

2024-09-10
+ 400.0
Freelance

2024-09-10
+ 3000.0
Monthly Salary

2024-09-10
+ 400.0
Freelance

2024-09-10
+ 3000.0
Monthly Salary

2024-09-10
+ 400.0
Freelance

--------------------------------------------

EXPENSES:
--------------------------------------------
Shopping:
2024-09-05
- 50.0
Clothes

2024-09-05
- 50.0
Clothes

2024-09-05
- 50.0
Clothes

2024-09-05
- 50.0
Clothes

Rent:
2024-09-20
- 2000.0
Rent

2024-09-20
- 2000.0
Rent

2024-09-20
- 2000.0
Rent

2024-09-20
- 2000.0
Rent

Utilities:
2024-09-15
- 200.0
Utilities

2024-09-15
- 200.0
Utilities

2024-09-15
- 200.0
Utilities

2024-09-15
- 200.0
Utilities

2024-09-15
- 200.0
Utilities

2024-09-15
- 200.0
Utilities

2024-09-15
- 200.0
Utilities

Health:
2024-09-18
- 80.0
Doctor Appt

2024-09-18
- 80.0
Doctor Appt

2024-09-18
- 80.0
Doctor Appt

2024-09-18
- 80.0
Doctor Appt

Groceries:
2024-09-01
- 112.0
Weekly Grocery

2024-09-01
- 112.0
Weekly Grocery

2024-09-01
- 112.0
Weekly Grocery

2024-09-01
- 112.0
Weekly Grocery

2024-09-02
- 100.0
Groceries

2024-09-02
- 100.0
Groceries

2024-09-02
- 100.0
Groceries

2024-09-02
- 100.0
Groceries

2024-09-02
- 100.0
Groceries

2024-09-08
- 83.0
Weekly Grocery

2024-09-08
- 83.0
Weekly Grocery

2024-09-08
- 83.0
Weekly Grocery

2024-09-08
- 83.0
Weekly Grocery

2024-09-15
- 152.0
Weekly Grocery

2024-09-15
- 152.0
Weekly Grocery

2024-09-15
- 152.0
Weekly Grocery

2024-09-15
- 152.0
Weekly Grocery

2024-09-22
- 57.0
Weekly Grocery

2024-09-22
- 57.0
Weekly Grocery

2024-09-22
- 57.0
Weekly Grocery

2024-09-22
- 57.0
Weekly Grocery

2024-09-29
- 96.0
Weekly Grocery

2024-09-29
- 96.0
Weekly Grocery

2024-09-29
- 96.0
Weekly Grocery

2024-09-29
- 96.0
Weekly Grocery

Transport:
2024-09-22
- 500.0
Travel

2024-09-22
- 500.0
Travel

2024-09-22
- 500.0
Travel

2024-09-22
- 500.0
Travel

2024-09-22
- 500.0
Travel

2024-09-22
- 500.0
Travel

--------------------------------------------

Total income: 25980
Total expenses: 15420
Net Income: 10560
Monthly Report for SEPTEMBER 2024
--------------------------------------------

INCOME:
--------------------------------------------
Interest:
2024-09-01
+ 50.0
Interest

2024-09-01
+ 50.0
Interest

2024-09-01
+ 50.0
Interest

2024-09-01
+ 50.0
Interest

2024-09-01
+ 50.0
Interest

Investments:
2024-09-20
+ 1000.0
Investment

2024-09-20
+ 1000.0
Investment

2024-09-20
+ 1000.0
Investment

2024-09-20
+ 1000.0
Investment

2024-09-20
+ 1000.0
Investment

2024-09-20
+ 1000.0
Investment

Gifts:
2024-09-15
+ 20.0
Birthday

2024-09-15
+ 20.0
Birthday

2024-09-15
+ 20.0
Birthday

2024-09-15
+ 20.0
Birthday

2024-09-15
+ 20.0
Birthday

Salary:
2024-09-01
+ 500.0
Salary

2024-09-01
+ 500.0
Salary

2024-09-01
+ 500.0
Salary

2024-09-01
+ 500.0
Salary

2024-09-01
+ 500.0
Salary

2024-09-01
+ 500.0
Salary

2024-09-01
+ 500.0
Salary

2024-09-01
+ 500.0
Salary

2024-09-01
+ 500.0
Salary

2024-09-04
+ 100.0
Bonus

2024-09-04
+ 100.0
Bonus

2024-09-04
+ 100.0
Bonus

2024-09-04
+ 100.0
Bonus

2024-09-04
+ 100.0
Bonus

2024-09-10
+ 3000.0
Monthly Salary

2024-09-10
+ 400.0
Freelance

2024-09-10
+ 400.0
Freelance

2024-09-10
+ 400.0
Freelance

2024-09-10
+ 400.0
Freelance

2024-09-10
+ 3000.0
Monthly Salary

2024-09-10
+ 400.0
Freelance

2024-09-10
+ 3000.0
Monthly Salary

2024-09-10
+ 400.0
Freelance

2024-09-10
+ 3000.0
Monthly Salary

2024-09-10
+ 400.0
Freelance

2024-09-10
+ 3000.0
Monthly Salary

--------------------------------------------

EXPENSES:
--------------------------------------------
Shopping:
2024-09-05
- 50.0
Clothes

2024-09-05
- 50.0
Clothes

2024-09-05
- 50.0
Clothes

2024-09-05
- 50.0
Clothes

2024-09-05
- 50.0
Clothes

Rent:
2024-09-20
- 2000.0
Rent

2024-09-20
- 2000.0
Rent

2024-09-20
- 2000.0
Rent

2024-09-20
- 2000.0
Rent

2024-09-20
- 2000.0
Rent

Utilities:
2024-09-15
- 200.0
Utilities

2024-09-15
- 200.0
Utilities

2024-09-15
- 200.0
Utilities

2024-09-15
- 200.0
Utilities

2024-09-15
- 200.0
Utilities

2024-09-15
- 200.0
Utilities

2024-09-15
- 200.0
Utilities

Health:
2024-09-18
- 80.0
Doctor Appt

2024-09-18
- 80.0
Doctor Appt

2024-09-18
- 80.0
Doctor Appt

2024-09-18
- 80.0
Doctor Appt

2024-09-18
- 80.0
Doctor Appt

Groceries:
2024-09-01
- 112.0
Weekly Grocery

2024-09-01
- 112.0
Weekly Grocery

2024-09-01
- 112.0
Weekly Grocery

2024-09-01
- 112.0
Weekly Grocery

2024-09-01
- 112.0
Weekly Grocery

2024-09-02
- 100.0
Groceries

2024-09-02
- 100.0
Groceries

2024-09-02
- 100.0
Groceries

2024-09-02
- 100.0
Groceries

2024-09-02
- 100.0
Groceries

2024-09-08
- 83.0
Weekly Grocery

2024-09-08
- 83.0
Weekly Grocery

2024-09-08
- 83.0
Weekly Grocery

2024-09-08
- 83.0
Weekly Grocery

2024-09-08
- 83.0
Weekly Grocery

2024-09-15
- 152.0
Weekly Grocery

2024-09-15
- 152.0
Weekly Grocery

2024-09-15
- 152.0
Weekly Grocery

2024-09-15
- 152.0
Weekly Grocery

2024-09-15
- 152.0
Weekly Grocery

2024-09-22
- 57.0
Weekly Grocery

2024-09-22
- 57.0
Weekly Grocery

2024-09-22
- 57.0
Weekly Grocery

2024-09-22
- 57.0
Weekly Grocery

2024-09-22
- 57.0
Weekly Grocery

2024-09-29
- 96.0
Weekly Grocery

2024-09-29
- 96.0
Weekly Grocery

2024-09-29
- 96.0
Weekly Grocery

2024-09-29
- 96.0
Weekly Grocery

2024-09-29
- 96.0
Weekly Grocery

Transport:
2024-09-22
- 500.0
Travel

2024-09-22
- 500.0
Travel

2024-09-22
- 500.0
Travel

2024-09-22
- 500.0
Travel

2024-09-22
- 500.0
Travel

2024-09-22
- 500.0
Travel

--------------------------------------------

Total income: 29150
Total expenses: 18050
Net Income: 11100
]]></system-out>
  <system-err><![CDATA[]]></system-err>
</testsuite>
